<?xml version="1.0" encoding="UTF-8"?>
<testng-results ignored="0" total="2" passed="2" failed="0" skipped="0">
  <reporter-output>
  </reporter-output>
  <suite started-at="2022-10-02T00:36:43 IST" name="Default suite" finished-at="2022-10-02T00:36:48 IST" duration-ms="5091">
    <groups>
    </groups>
    <test started-at="2022-10-02T00:36:43 IST" name="Default test" finished-at="2022-10-02T00:36:48 IST" duration-ms="5091">
      <class name="Test01_GET">
        <test-method signature="test_01()[pri:0, instance:Test01_GET@759d26fb]" started-at="2022-10-02T00:36:43 IST" name="test_01" finished-at="2022-10-02T00:36:47 IST" duration-ms="3726" status="PASS">
          <reporter-output>
          </reporter-output>
        </test-method> <!-- test_01 -->
        <test-method signature="test_02()[pri:0, instance:Test01_GET@759d26fb]" started-at="2022-10-02T00:36:47 IST" name="test_02" finished-at="2022-10-02T00:36:48 IST" duration-ms="1310" status="PASS">
          <reporter-output>
          </reporter-output>
        </test-method> <!-- test_02 -->
      </class> <!-- Test01_GET -->
    </test> <!-- Default test -->
  </suite> <!-- Default suite -->
</testng-results>
